


Using shader api: shaderapiempty.dll
materialPath: C:\Program Files (x86)\Steam\steamapps\sourcemods\TSPAlphaFix\materials
Loading c:\program files (x86)\steam\steamapps\sourcemods\tspalphafix\maps\maperror_b1.vmf
ConVarRef gpu_level doesn't point to an existing ConVar
Material not found!: CONCRETE/CONCRETEWALL041A
Material not found!: METAL/UNDERGROUND_METAL_CORRUGATED001
Material not found!: METAL/METALFLOOR007A
Material not found!: CONCRETE/CONCRETEWALL041C
"materials/Tools/toolsplayerclip.vtf": cached version doesn't exist
"materials/Tools/toolstrigger.vtf": cached version doesn't exist
Material not found!: TOOLS/TOOLSNODRAW_PORTAL
Could not locate GameData file stanley.fgd
Patching WVT material: maps/maperror_b1/error/errorblend_wvt_patch
fixing up env_cubemap materials on brush sides...
0...1...2...3...4...5...6...7...8...9...100...1...2...3...4...5...6...7...8...9...10Processing areas...done (0)
Building Faces...done (0)
Chop Details...done (0)
Find Visible Detail Sides...
Merged 918 detail faces...done (0)
Merging details...done (0)
FixTjuncs...
PruneNodes...
WriteBSP...
done (0)
writing c:\program files (x86)\steam\steamapps\sourcemods\tspalphafix\maps\maperror_b1.prt...Building visibility clusters...
done (0)
WARNING: node without a volume
WARNING: node without a volume
WARNING: node without a volume
Finding displacement neighbors...
Found a displacement edge abutting multiple other edges.
Finding lightmap sample positions...
Displacement Alpha : 0...1...2...3...4...5...6...7...8...9...10
Building Physics collision data...
done (1) (851543 bytes)
Error! prop_static using model "models/props/cs_office/fire_extinguisher.mdl", which must be used on a dynamic entity (i.e. prop_physics). Deleted.
Error loading studio model "models/props/cs_office/fire_extinguisher.mdl"!
Error! To use model "models/traincar_interior/traincar_clipboard.mdl"
      with prop_static, it must be compiled with $staticprop!
Error loading studio model "models/traincar_interior/traincar_clipboard.mdl"!
Placing detail props : 0...1...2...3...4...5...6...7...8...9...10
Compacting texture/material tables...
Reduced 3371 texinfos to 1903
Reduced 168 texdatas to 139 (6216 bytes to 5098)
Writing c:\program files (x86)\steam\steamapps\sourcemods\tspalphafix\maps\maperror_b1.bsp

nummapplanes:     ( 25552 / 65536 )
nummapbrushes:    (  2400 /  8192 )
nummapbrushsides: ( 24513 / 65536 )
num_map_overlays: (   101 /   512 )
nummodels:        (    76 /  1024 )
num_entities:     (   951 / 16384 )

1 second elapsed



20 threads
reading c:\program files (x86)\steam\steamapps\sourcemods\tspalphafix\maps\maperror_b1.bsp
reading c:\program files (x86)\steam\steamapps\sourcemods\tspalphafix\maps\maperror_b1.prt
1000 portalclusters
2292 numportals
0...1...2...3...4...5...6...7...8...9...100...1...2...3...4...5...6...7...8...9...10Optimized: 157 visible clusters (0.00%)
Total clusters visible: 142881
Average clusters visible: 142
Building PAS...
Average clusters audible: 202
visdatasize:90722  compressed from 256000
writing c:\program files (x86)\steam\steamapps\sourcemods\tspalphafix\maps\maperror_b1.bsp
1 second elapsed



Could not find lights.rad in lights.rad.
Trying VRAD BIN directory instead...
Warning: Couldn't open texlight file D:\SteamLibrary\steamapps\common\Portal 2\bin\lights.rad.
Loading c:\program files (x86)\steam\steamapps\sourcemods\tspalphafix\maps\maperror_b1.bsp
8423 faces
8 degenerate faces
5379538 square feet [774653440.00 square inches]
67 Displacements
16815 Square Feet [2421400.50 Square Inches]
8415 patches before subdivision
99859 patches after subdivision
484 direct lights
0...1...2...3...4...5...6...7...8...9...100...1...2...3...4...5...6...7...8...9...10transfers 11170988, max 800
transfer lists:  85.2 megs
0...1...2...3...4...5...6...7...8...9...10	Bounce #1 added RGB(287506, 311093, 278251)
0...1...2...3...4...5...6...7...8...9...10	Bounce #2 added RGB(144660, 152801, 132035)
0...1...2...3...4...5...6...7...8...9...10	Bounce #3 added RGB(74026, 78428, 68920)
0...1...2...3...4...5...6...7...8...9...10	Bounce #4 added RGB(42669, 45545, 40930)
0...1...2...3...4...5...6...7...8...9...10	Bounce #5 added RGB(25559, 27613, 25376)
0...1...2...3...4...5...6...7...8...9...10	Bounce #6 added RGB(15950, 17403, 16244)
0...1...2...3...4...5...6...7...8...9...10	Bounce #7 added RGB(10201, 11223, 10590)
0...1...2...3...4...5...6...7...8...9...10	Bounce #8 added RGB(6648, 7357, 6988)
0...1...2...3...4...5...6...7...8...9...10	Bounce #9 added RGB(4394, 4884, 4656)
0...1...2...3...4...5...6...7...8...9...10	Bounce #10 added RGB(2936, 3272, 3124)
0...1...2...3...4...5...6...7...8...9...10	Bounce #11 added RGB(1979, 2209, 2110)
0...1...2...3...4...5...6...7...8...9...10	Bounce #12 added RGB(1343, 1501, 1433)
0...1...2...3...4...5...6...7...8...9...10	Bounce #13 added RGB(917, 1026, 978)
0...1...2...3...4...5...6...7...8...9...10	Bounce #14 added RGB(630, 705, 670)
0...1...2...3...4...5...6...7...8...9...10	Bounce #15 added RGB(435, 487, 461)
0...1...2...3...4...5...6...7...8...9...10	Bounce #16 added RGB(301, 337, 319)
0...1...2...3...4...5...6...7...8...9...10	Bounce #17 added RGB(210, 235, 221)
0...1...2...3...4...5...6...7...8...9...10	Bounce #18 added RGB(147, 164, 154)
0...1...2...3...4...5...6...7...8...9...10	Bounce #19 added RGB(103, 115, 107)
0...1...2...3...4...5...6...7...8...9...10	Bounce #20 added RGB(72, 81, 75)
0...1...2...3...4...5...6...7...8...9...10	Bounce #21 added RGB(51, 57, 53)
0...1...2...3...4...5...6...7...8...9...10	Bounce #22 added RGB(36, 40, 37)
0...1...2...3...4...5...6...7...8...9...10	Bounce #23 added RGB(26, 29, 26)
0...1...2...3...4...5...6...7...8...9...10	Bounce #24 added RGB(18, 20, 18)
0...1...2...3...4...5...6...7...8...9...10	Bounce #25 added RGB(13, 14, 13)
0...1...2...3...4...5...6...7...8...9...10	Bounce #26 added RGB(9, 10, 9)
0...1...2...3...4...5...6...7...8...9...10	Bounce #27 added RGB(7, 7, 7)
0...1...2...3...4...5...6...7...8...9...10	Bounce #28 added RGB(5, 5, 5)
0...1...2...3...4...5...6...7...8...9...10	Bounce #29 added RGB(3, 4, 3)
0...1...2...3...4...5...6...7...8...9...10	Bounce #30 added RGB(2, 3, 2)
0...1...2...3...4...5...6...7...8...9...10	Bounce #31 added RGB(2, 2, 2)
0...1...2...3...4...5...6...7...8...9...10	Bounce #32 added RGB(1, 1, 1)
0...1...2...3...4...5...6...7...8...9...10	Bounce #33 added RGB(1, 1, 1)
0...1...2...3...4...5...6...7...8...9...10	Bounce #34 added RGB(1, 1, 1)
Build Patch/Sample Hash Table(s).....Done<0.0141 sec>
0...1...2...3...4...5...6...7...8...9...10FinalLightFace Done
0 of 0 (0% of) surface lights went in leaf ambient cubes.
0...1...2...3...4...5...6...7...8...9...10Writing leaf ambient...done
Computing static prop lighting : 00...1...2...3...4...5...6...7...8...9...10
Ready to Finish

Object names       Objects/Maxobjs  Memory / Maxmem  Fullness 
------------       ---------------  ---------------  -------- 
models                  76/1024         3648/49152    ( 7.4%) 
brushes               2400/8192        28800/98304    (29.3%) 
brushsides           24237/65536      193896/524288   (37.0%) 
planes               25552/65536      511040/1310720  (39.0%) 
vertexes             13333/65536      159996/786432   (20.3%) 
nodes                 3307/65536      105824/2097152  ( 5.0%) 
texinfos              1903/12288      137016/884736   (15.5%) 
texdata                139/2048         4448/65536    ( 6.8%) 
dispinfos               67/0           11792/0        ( 0.0%) 
disp_verts            4587/0           91740/0        ( 0.0%) 
disp_tris             7136/0           14272/0        ( 0.0%) 
disp_multiblend          0/0               0/0        ( 0.0%) 
disp_lmsamples       41704/0           41704/0        ( 0.0%) 
faces                 8423/65536      471688/3670016  (12.9%) 
hdr faces             8423/65536      471688/3670016  (12.9%) 
origfaces             5895/65536      330120/3670016  ( 9.0%) 
facebrushes            968/0            1936/0        ( 0.0%) 
facebrushlists        8423/0           33692/0        ( 0.0%) 
leaves                3384/65536      108288/2097152  ( 5.2%) 
leaffaces            10979/65536       21958/131072   (16.8%) 
leafbrushes           4247/65536        8494/131072   ( 6.5%) 
areas                    7/256            56/2048     ( 2.7%) 
surfedges            64912/512000     259648/2048000  (12.7%) 
edges                37223/256000     148892/1024000  (14.5%) 
LDR worldlights          0/8192            0/819200   ( 0.0%) 
HDR worldlights        484/8192        48400/819200   ( 5.9%) 
leafwaterdata            0/32768           0/393216   ( 0.0%) 
waterstrips            911/32768        9110/327680   ( 2.8%) 
waterverts               0/65536           0/786432   ( 0.0%) 
waterindices         17196/65536       34392/131072   (26.2%) 
cubemapsamples          10/1024          160/16384    ( 1.0%) 
overlays               101/512         35552/180224   (19.7%) 
LDR lightdata         [variable]           0/0        ( 0.0%) 
HDR lightdata         [variable]     3411052/0        ( 0.0%) 
visdata               [variable]       90722/16777216 ( 0.5%) 
entdata               [variable]      320898/393216   (81.6%) VERY FULL!
LDR ambient table     3384/65536       13536/262144   ( 5.2%) 
HDR ambient table     3384/65536       13536/262144   ( 5.2%) 
LDR leaf ambient      3384/65536       94752/1835008  ( 5.2%) 
HDR leaf ambient      8978/65536      251384/1835008  (13.7%) 
occluders                0/0               0/0        ( 0.0%) 
occluder polygons        0/0               0/0        ( 0.0%) 
occluder vert ind        0/0               0/0        ( 0.0%) 
detail props          [variable]           1/12       ( 8.3%) 
static props          [variable]           1/86756    ( 0.0%) 
pakfile               [variable]     6191837/0        ( 0.0%) 
physics               [variable]      851543/4194304  (20.3%) 
physics terrain       [variable]       19331/1048576  ( 1.8%) 

Level flags = 2

Total triangle count: 24502
Writing c:\program files (x86)\steam\steamapps\sourcemods\tspalphafix\maps\maperror_b1.bsp
3 minutes, 50 seconds elapsed
